<?xml version="1.0" encoding="UTF-8"?>
<testng-results skipped="0" failed="0" total="2" passed="2">
  <reporter-output>
  </reporter-output>
  <suite name="Default suite" duration-ms="6432" started-at="2021-08-23T14:59:19Z" finished-at="2021-08-23T14:59:26Z">
    <groups>
    </groups>
    <test name="Default test" duration-ms="6432" started-at="2021-08-23T14:59:19Z" finished-at="2021-08-23T14:59:26Z">
      <class name="Tests.Basics">
        <test-method status="PASS" signature="setup()[pri:0, instance:Tests.Basics@546a03af]" name="setup" is-config="true" duration-ms="381" started-at="2021-08-23T20:29:19Z" finished-at="2021-08-23T20:29:20Z">
          <reporter-output>
          </reporter-output>
        </test-method> <!-- setup -->
        <test-method status="PASS" signature="createPersonTest()[pri:0, instance:Tests.Basics@546a03af]" name="createPersonTest" duration-ms="3871" started-at="2021-08-23T20:29:20Z" finished-at="2021-08-23T20:29:24Z">
          <reporter-output>
          </reporter-output>
        </test-method> <!-- createPersonTest -->
        <test-method status="PASS" signature="createEnounterTest()[pri:0, instance:Tests.Basics@546a03af]" name="createEnounterTest" duration-ms="2170" started-at="2021-08-23T20:29:24Z" depends-on-methods="Tests.Basics.createPersonTest" finished-at="2021-08-23T20:29:26Z">
          <reporter-output>
          </reporter-output>
        </test-method> <!-- createEnounterTest -->
      </class> <!-- Tests.Basics -->
    </test> <!-- Default test -->
  </suite> <!-- Default suite -->
</testng-results>
